#
# There is insufficient memory for the Java Runtime Environment to continue.
# Native memory allocation (malloc) failed to allocate 1048576 bytes for AllocateHeap
# Possible reasons:
#   The system is out of physical RAM or swap space
#   The process is running with CompressedOops enabled, and the Java Heap may be blocking the growth of the native heap
# Possible solutions:
#   Reduce memory load on the system
#   Increase physical memory or swap space
#   Check if swap backing store is full
#   Decrease Java heap size (-Xmx/-Xms)
#   Decrease number of Java threads
#   Decrease Java thread stack sizes (-Xss)
#   Set larger code cache with -XX:ReservedCodeCacheSize=
#   JVM is running with Unscaled Compressed Oops mode in which the Java heap is
#     placed in the first 4GB address space. The Java Heap base address is the
#     maximum limit for the native heap growth. Please use -XX:HeapBaseMinAddress
#     to set the Java Heap base and to place the Java Heap above 4GB virtual address.
# This output file may be truncated or incomplete.
#
#  Out of Memory Error (memory/allocation.inline.hpp:61), pid=17972, tid=0x0000000000003ab4
#
# JRE version:  (8.0_202-b08) (build )
# Java VM: Java HotSpot(TM) 64-Bit Server VM (25.202-b08 mixed mode windows-amd64 compressed oops)
# Failed to write core dump. Minidumps are not enabled by default on client versions of Windows
#

---------------  T H R E A D  ---------------

Current thread (0x0000000002aad800):  JavaThread "Unknown thread" [_thread_in_vm, id=15028, stack(0x0000000002ab0000,0x0000000002bb0000)]

Stack: [0x0000000002ab0000,0x0000000002bb0000]
[error occurred during error reporting (printing stack bounds), id 0xc0000005]

Native frames: (J=compiled Java code, j=interpreted, Vv=VM code, C=native code)


---------------  P R O C E S S  ---------------

Java Threads: ( => current thread )

Other Threads:

=>0x0000000002aad800 (exited) JavaThread "Unknown thread" [_thread_in_vm, id=15028, stack(0x0000000002ab0000,0x0000000002bb0000)]

VM state:not at safepoint (normal execution)

VM Mutex/Monitor currently owned by a thread: None

heap address: 0x00000000c1c00000, size: 996 MB, Compressed Oops mode: 32-bit
Narrow klass base: 0x0000000000000000, Narrow klass shift: 3
Compressed class space size: 1073741824 Address: 0x0000000100000000

Heap:
 PSYoungGen      total 18944K, used 327K [0x00000000eb400000, 0x00000000ec900000, 0x0000000100000000)
  eden space 16384K, 2% used [0x00000000eb400000,0x00000000eb451ec8,0x00000000ec400000)
  from space 2560K, 0% used [0x00000000ec680000,0x00000000ec680000,0x00000000ec900000)
  to   space 2560K, 0% used [0x00000000ec400000,0x00000000ec400000,0x00000000ec680000)
 ParOldGen       total 44032K, used 0K [0x00000000c1c00000, 0x00000000c4700000, 0x00000000eb400000)
  object space 44032K, 0% used [0x00000000c1c00000,0x00000000c1c00000,0x00000000c4700000)
 Metaspace       used 775K, capacity 4480K, committed 4480K, reserved 1056768K
  class space    used 76K, capacity 384K, committed 384K, reserved 1048576K

Card table byte_map: [0x0000000012070000,0x0000000012270000] byte_map_base: 0x0000000011a62000

Marking Bits: (ParMarkBitMap*) 0x0000000054125ce0
 Begin Bits: [0x00000000127c0000, 0x0000000013750000)
 End Bits:   [0x0000000013750000, 0x00000000146e0000)

Polling page: 0x0000000002940000

CodeCache: size=245760Kb used=328Kb max_used=328Kb free=245431Kb
 bounds [0x0000000002cb0000, 0x0000000002f20000, 0x0000000011cb0000]
 total_blobs=58 nmethods=0 adapters=38
 compilation: enabled

Compilation events (0 events):
No events

GC Heap History (0 events):
No events

Deoptimization events (0 events):
No events

Classes redefined (0 events):
No events

Internal exceptions (0 events):
No events

Events (10 events):
Event: 0.024 loading class java/lang/Short
Event: 0.024 loading class java/lang/Short done
Event: 0.024 loading class java/lang/Integer
Event: 0.024 loading class java/lang/Integer done
Event: 0.024 loading class java/lang/Long
Event: 0.024 loading class java/lang/Long done
Event: 0.025 loading class java/lang/NullPointerException
Event: 0.025 loading class java/lang/NullPointerException done
Event: 0.025 loading class java/lang/ArithmeticException
Event: 0.025 loading class java/lang/ArithmeticException done


Dynamic libraries:
0x00007ff656be0000 - 0x00007ff656c17000 	C:\Program Files\Java\jdk1.8.0_202\bin\java.exe
0x00007ffdce900000 - 0x00007ffdceb09000 	C:\Windows\SYSTEM32\ntdll.dll
0x00007ffdcd9d0000 - 0x00007ffdcda8d000 	C:\Windows\System32\KERNEL32.DLL
0x00007ffdcc130000 - 0x00007ffdcc4b4000 	C:\Windows\System32\KERNELBASE.dll
0x00007ffdcd5a0000 - 0x00007ffdcd64e000 	C:\Windows\System32\ADVAPI32.dll
0x00007ffdcc7e0000 - 0x00007ffdcc883000 	C:\Windows\System32\msvcrt.dll
0x00007ffdcd810000 - 0x00007ffdcd8ae000 	C:\Windows\System32\sechost.dll
0x00007ffdce4c0000 - 0x00007ffdce5e1000 	C:\Windows\System32\RPCRT4.dll
0x00007ffdcd650000 - 0x00007ffdcd7fd000 	C:\Windows\System32\USER32.dll
0x00007ffdcc720000 - 0x00007ffdcc746000 	C:\Windows\System32\win32u.dll
0x00007ffdcd210000 - 0x00007ffdcd23a000 	C:\Windows\System32\GDI32.dll
0x00007ffdcbd90000 - 0x00007ffdcbeae000 	C:\Windows\System32\gdi32full.dll
0x00007ffdcbeb0000 - 0x00007ffdcbf4d000 	C:\Windows\System32\msvcp_win.dll
0x00007ffdcc4c0000 - 0x00007ffdcc5d1000 	C:\Windows\System32\ucrtbase.dll
0x00007ffdc4fa0000 - 0x00007ffdc5245000 	C:\Windows\WinSxS\amd64_microsoft.windows.common-controls_6595b64144ccf1df_6.0.22000.120_none_9d947278b86cc467\COMCTL32.dll
0x00007ffdce5f0000 - 0x00007ffdce621000 	C:\Windows\System32\IMM32.DLL
0x0000000053820000 - 0x00000000538f2000 	C:\Program Files\Java\jdk1.8.0_202\jre\bin\msvcr100.dll
0x0000000053900000 - 0x00000000541a5000 	C:\Program Files\Java\jdk1.8.0_202\jre\bin\server\jvm.dll
0x00007ffdcc890000 - 0x00007ffdcc898000 	C:\Windows\System32\PSAPI.DLL
0x00007ffdbfcd0000 - 0x00007ffdbfd03000 	C:\Windows\SYSTEM32\WINMM.dll
0x00007ffdc4340000 - 0x00007ffdc434a000 	C:\Windows\SYSTEM32\VERSION.dll
0x00007ffdc5d90000 - 0x00007ffdc5d99000 	C:\Windows\SYSTEM32\WSOCK32.dll
0x00007ffdcd1a0000 - 0x00007ffdcd20f000 	C:\Windows\System32\WS2_32.dll
0x00007ffdc82b0000 - 0x00007ffdc82bf000 	C:\Program Files\Java\jdk1.8.0_202\jre\bin\verify.dll
0x00007ffdc7b50000 - 0x00007ffdc7b79000 	C:\Program Files\Java\jdk1.8.0_202\jre\bin\java.dll
0x00007ffdc80d0000 - 0x00007ffdc80e6000 	C:\Program Files\Java\jdk1.8.0_202\jre\bin\zip.dll

VM Arguments:
jvm_args: -Dfile.encoding=UTF-8 
java_command: travel.management.system.ViewCustomer
java_class_path (initial): C:\Users\sir\Downloads\mysql-connector-java-8.0.28.jar;C:\Users\sir\Documents\NetBeansProjects\Travel management system\build\classes
Launcher Type: SUN_STANDARD

Environment Variables:
PATH=C:\Program Files (x86)\Common Files\Oracle\Java\javapath;C:\Windows\system32;C:\Windows;C:\Windows\System32\Wbem;C:\Windows\System32\WindowsPowerShell\v1.0\;C:\Windows\System32\OpenSSH\;C:\Program Files\dotnet\;E:\Git\cmd;C:\Program Files (x86)\dotnet\;C:\Program Files\MySQL\MySQL Server 8.0\bin;C:\Program Files\MySQL\MySQL Server 8.0\bin;C:\Users\sir\AppData\Local\Programs\Python\Python311;C:\Program Files\Git\cmd;C:\Users\sir\anaconda3;C:\Users\sir\anaconda3\Library\mingw-w64\bin;C:\Users\sir\anaconda3\Library\usr\bin;C:\Users\sir\anaconda3\Library\bin;C:\Users\sir\anaconda3\Scripts;C:\Program Files\MySQL\MySQL Shell 8.0\bin\;C:\Users\sir\AppData\Local\Microsoft\WindowsApps;C:\MinGW\bin;C:\Users\sir\AppData\Local\Programs\Microsoft VS Code\bin;C:\Users\sir\AppData\Local\Programs\Python\Python311;C:\Users\sir\AppData\Local\Programs\Python\Python311\Scripts\
USERNAME=sir
OS=Windows_NT
PROCESSOR_IDENTIFIER=Intel64 Family 6 Model 42 Stepping 7, GenuineIntel



---------------  S Y S T E M  ---------------

OS: Windows 10.0 , 64 bit Build 22000 (10.0.22000.2538)

CPU:total 4 (initial active 4) (2 cores per cpu, 2 threads per core) family 6 model 42 stepping 7, cmov, cx8, fxsr, mmx, sse, sse2, sse3, ssse3, sse4.1, sse4.2, popcnt, avx, aes, clmul, ht, tsc, tscinvbit

Memory: 4k page, physical 4072340k(347204k free), swap 16655252k(5792k free)

vm_info: Java HotSpot(TM) 64-Bit Server VM (25.202-b08) for windows-amd64 JRE (1.8.0_202-b08), built on Dec 15 2018 19:54:30 by "java_re" with MS VC++ 10.0 (VS2010)

time: Sun Oct 15 19:39:33 2023
timezone: India Standard Time
elapsed time: 0 seconds (0d 0h 0m 0s)

